# JRE version: Java(TM) SE Runtime Environment (8.0_162-b12) (build 1.8.0_162-b12)
# Java VM: Dynamic Code Evolution 64-Bit Server VM (25.71-b01-dcevmlight-14 mixed mode windows-amd64 compressed oops)
Heap:
 def new generation   total 163264K, used 26781K [0x00000006c1200000, 0x00000006cc320000, 0x0000000716150000)
  eden space 145152K,  18% used [0x00000006c1200000, 0x00000006c2c275f8, 0x00000006c9fc0000)
  from space 18112K,   0% used [0x00000006c9fc0000, 0x00000006c9fc0000, 0x00000006cb170000)
  to   space 18112K,   0% used [0x00000006cb170000, 0x00000006cb170000, 0x00000006cc320000)
 tenured generation   total 362584K, used 217549K [0x0000000716150000, 0x000000072c366000, 0x00000007c0000000)
   the space 362584K,  59% used [0x0000000716150000, 0x00000007235c3428, 0x00000007235c3600, 0x000000072c366000)
 Metaspace       used 20888K, capacity 21531K, committed 21808K, reserved 1069056K
  class space    used 2250K, capacity 2380K, committed 2432K, reserved 1048576K
GC Heap History (10 events):
Event: 21.096 GC heap before
{Heap before GC invocations=50 (full 1):
 def new generation   total 97984K, used 95015K [0x00000006c1200000, 0x00000006c7c50000, 0x0000000716150000)
  eden space 87104K, 100% used [0x00000006c1200000, 0x00000006c6710000, 0x00000006c6710000)
  from space 10880K,  72% used [0x00000006c71b0000, 0x00000006c7969ea8, 0x00000006c7c50000)
  to   space 10880K,   0% used [0x00000006c6710000, 0x00000006c6710000, 0x00000006c71b0000)
 tenured generation   total 217620K, used 208544K [0x0000000716150000, 0x00000007235d5000, 0x00000007c0000000)
   the space 217620K,  95% used [0x0000000716150000, 0x0000000722cf81d0, 0x0000000722cf8200, 0x00000007235d5000)
 Metaspace       used 12973K, capacity 13218K, committed 13440K, reserved 1060864K
  class space    used 1522K, capacity 1581K, committed 1664K, reserved 1048576K
Event: 21.104 GC heap after
Heap after GC invocations=51 (full 1):
 def new generation   total 97984K, used 6488K [0x00000006c1200000, 0x00000006c7c50000, 0x0000000716150000)
  eden space 87104K,   0% used [0x00000006c1200000, 0x00000006c1200000, 0x00000006c6710000)
  from space 10880K,  59% used [0x00000006c6710000, 0x00000006c6d66190, 0x00000006c71b0000)
  to   space 10880K,   0% used [0x00000006c71b0000, 0x00000006c71b0000, 0x00000006c7c50000)
 tenured generation   total 217620K, used 212733K [0x0000000716150000, 0x00000007235d5000, 0x00000007c0000000)
   the space 217620K,  97% used [0x0000000716150000, 0x000000072310f500, 0x000000072310f600, 0x00000007235d5000)
 Metaspace       used 12973K, capacity 13218K, committed 13440K, reserved 1060864K
  class space    used 1522K, capacity 1581K, committed 1664K, reserved 1048576K
}
Event: 21.554 GC heap before
{Heap before GC invocations=51 (full 1):
 def new generation   total 97984K, used 93592K [0x00000006c1200000, 0x00000006c7c50000, 0x0000000716150000)
  eden space 87104K, 100% used [0x00000006c1200000, 0x00000006c6710000, 0x00000006c6710000)
  from space 10880K,  59% used [0x00000006c6710000, 0x00000006c6d66190, 0x00000006c71b0000)
  to   space 10880K,   0% used [0x00000006c71b0000, 0x00000006c71b0000, 0x00000006c7c50000)
 tenured generation   total 217620K, used 212733K [0x0000000716150000, 0x00000007235d5000, 0x00000007c0000000)
   the space 217620K,  97% used [0x0000000716150000, 0x000000072310f500, 0x000000072310f600, 0x00000007235d5000)
 Metaspace       used 13981K, capacity 14210K, committed 14336K, reserved 1062912K
  class space    used 1668K, capacity 1741K, committed 1792K, reserved 1048576K
Event: 21.561 GC heap after
Heap after GC invocations=52 (full 1):
 def new generation   total 97984K, used 3089K [0x00000006c1200000, 0x00000006c7c50000, 0x0000000716150000)
  eden space 87104K,   0% used [0x00000006c1200000, 0x00000006c1200000, 0x00000006c6710000)
  from space 10880K,  28% used [0x00000006c71b0000, 0x00000006c74b47c8, 0x00000006c7c50000)
  to   space 10880K,   0% used [0x00000006c6710000, 0x00000006c6710000, 0x00000006c71b0000)
 tenured generation   total 217620K, used 216428K [0x0000000716150000, 0x00000007235d5000, 0x00000007c0000000)
   the space 217620K,  99% used [0x0000000716150000, 0x00000007234ab1d8, 0x00000007234ab200, 0x00000007235d5000)
 Metaspace       used 13981K, capacity 14210K, committed 14336K, reserved 1062912K
  class space    used 1668K, capacity 1741K, committed 1792K, reserved 1048576K
}
Event: 165.573 GC heap before
{Heap before GC invocations=52 (full 1):
 def new generation   total 97984K, used 90193K [0x00000006c1200000, 0x00000006c7c50000, 0x0000000716150000)
  eden space 87104K, 100% used [0x00000006c1200000, 0x00000006c6710000, 0x00000006c6710000)
  from space 10880K,  28% used [0x00000006c71b0000, 0x00000006c74b47c8, 0x00000006c7c50000)
  to   space 10880K,   0% used [0x00000006c6710000, 0x00000006c6710000, 0x00000006c71b0000)
 tenured generation   total 217620K, used 216428K [0x0000000716150000, 0x00000007235d5000, 0x00000007c0000000)
   the space 217620K,  99% used [0x0000000716150000, 0x00000007234ab1d8, 0x00000007234ab200, 0x00000007235d5000)
 Metaspace       used 18098K, capacity 18605K, committed 18816K, reserved 1067008K
  class space    used 2047K, capacity 2175K, committed 2176K, reserved 1048576K
Event: 165.579 GC heap after
Heap after GC invocations=53 (full 1):
 def new generation   total 97984K, used 3585K [0x00000006c1200000, 0x00000006c7c50000, 0x0000000716150000)
  eden space 87104K,   0% used [0x00000006c1200000, 0x00000006c1200000, 0x00000006c6710000)
  from space 10880K,  32% used [0x00000006c6710000, 0x00000006c6a90560, 0x00000006c71b0000)
  to   space 10880K,   0% used [0x00000006c71b0000, 0x00000006c71b0000, 0x00000006c7c50000)
 tenured generation   total 217620K, used 216428K [0x0000000716150000, 0x00000007235d5000, 0x00000007c0000000)
   the space 217620K,  99% used [0x0000000716150000, 0x00000007234ab1d8, 0x00000007234ab200, 0x00000007235d5000)
 Metaspace       used 18098K, capacity 18605K, committed 18816K, reserved 1067008K
  class space    used 2047K, capacity 2175K, committed 2176K, reserved 1048576K
}
Event: 220.737 GC heap before
{Heap before GC invocations=53 (full 1):
 def new generation   total 97984K, used 90689K [0x00000006c1200000, 0x00000006c7c50000, 0x0000000716150000)
  eden space 87104K, 100% used [0x00000006c1200000, 0x00000006c6710000, 0x00000006c6710000)
  from space 10880K,  32% used [0x00000006c6710000, 0x00000006c6a90560, 0x00000006c71b0000)
  to   space 10880K,   0% used [0x00000006c71b0000, 0x00000006c71b0000, 0x00000006c7c50000)
 tenured generation   total 217620K, used 216428K [0x0000000716150000, 0x00000007235d5000, 0x00000007c0000000)
   the space 217620K,  99% used [0x0000000716150000, 0x00000007234ab1d8, 0x00000007234ab200, 0x00000007235d5000)
 Metaspace       used 18543K, capacity 19085K, committed 19200K, reserved 1067008K
  class space    used 2094K, capacity 2197K, committed 2304K, reserved 1048576K
Event: 220.742 GC heap after
Heap after GC invocations=54 (full 1):
 def new generation   total 97984K, used 3292K [0x00000006c1200000, 0x00000006c7c50000, 0x0000000716150000)
  eden space 87104K,   0% used [0x00000006c1200000, 0x00000006c1200000, 0x00000006c6710000)
  from space 10880K,  30% used [0x00000006c71b0000, 0x00000006c74e72c0, 0x00000006c7c50000)
  to   space 10880K,   0% used [0x00000006c6710000, 0x00000006c6710000, 0x00000006c71b0000)
 tenured generation   total 217620K, used 216428K [0x0000000716150000, 0x00000007235d5000, 0x00000007c0000000)
   the space 217620K,  99% used [0x0000000716150000, 0x00000007234ab1d8, 0x00000007234ab200, 0x00000007235d5000)
 Metaspace       used 18543K, capacity 19085K, committed 19200K, reserved 1067008K
  class space    used 2094K, capacity 2197K, committed 2304K, reserved 1048576K
}
Event: 490.685 GC heap before
{Heap before GC invocations=54 (full 1):
 def new generation   total 97984K, used 77834K [0x00000006c1200000, 0x00000006c7c50000, 0x0000000716150000)
  eden space 87104K,  85% used [0x00000006c1200000, 0x00000006c5acb870, 0x00000006c6710000)
  from space 10880K,  30% used [0x00000006c71b0000, 0x00000006c74e72c0, 0x00000006c7c50000)
  to   space 10880K,   0% used [0x00000006c6710000, 0x00000006c6710000, 0x00000006c71b0000)
 tenured generation   total 217620K, used 216428K [0x0000000716150000, 0x00000007235d5000, 0x00000007c0000000)
   the space 217620K,  99% used [0x0000000716150000, 0x00000007234ab1d8, 0x00000007234ab200, 0x00000007235d5000)
 Metaspace       used 20573K, capacity 21183K, committed 21296K, reserved 1069056K
  class space    used 2248K, capacity 2386K, committed 2432K, reserved 1048576K
Event: 490.899 GC heap after
Heap after GC invocations=55 (full 2):
 def new generation   total 163264K, used 3474K [0x00000006c1200000, 0x00000006cc320000, 0x0000000716150000)
  eden space 145152K,   2% used [0x00000006c1200000, 0x00000006c1564ac8, 0x00000006c9fc0000)
  from space 18112K,   0% used [0x00000006c9fc0000, 0x00000006c9fc0000, 0x00000006cb170000)
  to   space 18112K,   0% used [0x00000006cb170000, 0x00000006cb170000, 0x00000006cc320000)
 tenured generation   total 362584K, used 217549K [0x0000000716150000, 0x000000072c366000, 0x00000007c0000000)
   the space 362584K,  59% used [0x0000000716150000, 0x00000007235c3428, 0x00000007235c3600, 0x000000072c366000)
 Metaspace       used 20507K, capacity 21037K, committed 21296K, reserved 1069056K
  class space    used 2230K, capacity 2359K, committed 2432K, reserved 1048576K
}

